[INFO] Scanning for projects...
[INFO] 
[INFO] -----------------------< com.auto.dealer:dealer >-----------------------
[INFO] Building dealer 1.0
[INFO]   from pom.xml
[INFO] --------------------------------[ jar ]---------------------------------
[INFO] 
[INFO] >>> spring-boot:3.5.3:run (default-cli) > test-compile @ dealer >>>
[INFO] 
[INFO] --- resources:3.3.1:resources (default-resources) @ dealer ---
[INFO] Copying 1 resource from src/main/resources to target/classes
[INFO] Copying 4 resources from src/main/resources to target/classes
[INFO] 
[INFO] --- compiler:3.14.0:compile (default-compile) @ dealer ---
[INFO] Nothing to compile - all classes are up to date.
[INFO] 
[INFO] --- resources:3.3.1:testResources (default-testResources) @ dealer ---
[INFO] skip non existing resourceDirectory /Users/bhanuprasadkommula/Downloads/Inspectioproject/Backend/dealer/src/test/resources
[INFO] 
[INFO] --- compiler:3.14.0:testCompile (default-testCompile) @ dealer ---
[INFO] Nothing to compile - all classes are up to date.
[INFO] 
[INFO] <<< spring-boot:3.5.3:run (default-cli) < test-compile @ dealer <<<
[INFO] 
[INFO] 
[INFO] --- spring-boot:3.5.3:run (default-cli) @ dealer ---
[INFO] Attaching agents: []

  .   ____          _            __ _ _
 /\\ / ___'_ __ _ _(_)_ __  __ _ \ \ \ \
( ( )\___ | '_ | '_| | '_ \/ _` | \ \ \ \
 \\/  ___)| |_)| | | | | || (_| |  ) ) ) )
  '  |____| .__|_| |_|_| |_\__, | / / / /
 =========|_|==============|___/=/_/_/_/

 :: Spring Boot ::                (v3.5.3)

2025-08-18T15:40:38.845-05:00  INFO 39574 --- [dealer] [  restartedMain] com.auto.dealer.DealerApplication        : Starting DealerApplication using Java 17.0.16 with PID 39574 (/Users/bhanuprasadkommula/Downloads/Inspectioproject/Backend/dealer/target/classes started by bhanuprasadkommula in /Users/bhanuprasadkommula/Downloads/Inspectioproject/Backend/dealer)
2025-08-18T15:40:38.846-05:00  INFO 39574 --- [dealer] [  restartedMain] com.auto.dealer.DealerApplication        : No active profile set, falling back to 1 default profile: "default"
2025-08-18T15:40:38.866-05:00  INFO 39574 --- [dealer] [  restartedMain] .e.DevToolsPropertyDefaultsPostProcessor : Devtools property defaults active! Set 'spring.devtools.add-properties' to 'false' to disable
2025-08-18T15:40:38.866-05:00  INFO 39574 --- [dealer] [  restartedMain] .e.DevToolsPropertyDefaultsPostProcessor : For additional web related logging consider setting the 'logging.level.web' property to 'DEBUG'
2025-08-18T15:40:39.215-05:00  INFO 39574 --- [dealer] [  restartedMain] .s.d.r.c.RepositoryConfigurationDelegate : Bootstrapping Spring Data JPA repositories in DEFAULT mode.
2025-08-18T15:40:39.293-05:00  INFO 39574 --- [dealer] [  restartedMain] .s.d.r.c.RepositoryConfigurationDelegate : Finished Spring Data repository scanning in 74 ms. Found 2 JPA repository interfaces.
2025-08-18T15:40:39.421-05:00  INFO 39574 --- [dealer] [  restartedMain] o.s.cloud.context.scope.GenericScope     : BeanFactory id=74a12631-c535-34fe-8620-16c091fc1676
2025-08-18T15:40:39.660-05:00  INFO 39574 --- [dealer] [  restartedMain] o.s.b.w.embedded.tomcat.TomcatWebServer  : Tomcat initialized with port 8080 (http)
2025-08-18T15:40:39.667-05:00  INFO 39574 --- [dealer] [  restartedMain] o.apache.catalina.core.StandardService   : Starting service [Tomcat]
2025-08-18T15:40:39.668-05:00  INFO 39574 --- [dealer] [  restartedMain] o.apache.catalina.core.StandardEngine    : Starting Servlet engine: [Apache Tomcat/10.1.42]
2025-08-18T15:40:39.690-05:00  INFO 39574 --- [dealer] [  restartedMain] o.a.c.c.C.[Tomcat].[localhost].[/]       : Initializing Spring embedded WebApplicationContext
2025-08-18T15:40:39.690-05:00  INFO 39574 --- [dealer] [  restartedMain] w.s.c.ServletWebServerApplicationContext : Root WebApplicationContext: initialization completed in 823 ms
2025-08-18T15:40:39.817-05:00  INFO 39574 --- [dealer] [  restartedMain] com.zaxxer.hikari.HikariDataSource       : HikariPool-1 - Starting...
2025-08-18T15:40:39.881-05:00  INFO 39574 --- [dealer] [  restartedMain] com.zaxxer.hikari.pool.HikariPool        : HikariPool-1 - Added connection org.postgresql.jdbc.PgConnection@7d8f0d63
2025-08-18T15:40:39.882-05:00  INFO 39574 --- [dealer] [  restartedMain] com.zaxxer.hikari.HikariDataSource       : HikariPool-1 - Start completed.
2025-08-18T15:40:39.897-05:00  INFO 39574 --- [dealer] [  restartedMain] org.flywaydb.core.FlywayExecutor         : Database: jdbc:postgresql://localhost:5432/inspection (PostgreSQL 15.13)
2025-08-18T15:40:39.929-05:00  INFO 39574 --- [dealer] [  restartedMain] o.f.core.internal.command.DbValidate     : Successfully validated 3 migrations (execution time 00:00.019s)
2025-08-18T15:40:39.941-05:00  INFO 39574 --- [dealer] [  restartedMain] o.f.core.internal.command.DbMigrate      : Current version of schema "public": 2
2025-08-18T15:40:39.943-05:00  INFO 39574 --- [dealer] [  restartedMain] o.f.core.internal.command.DbMigrate      : Schema "public" is up to date. No migration necessary.
2025-08-18T15:40:39.980-05:00  INFO 39574 --- [dealer] [  restartedMain] o.hibernate.jpa.internal.util.LogHelper  : HHH000204: Processing PersistenceUnitInfo [name: default]
2025-08-18T15:40:40.001-05:00  INFO 39574 --- [dealer] [  restartedMain] org.hibernate.Version                    : HHH000412: Hibernate ORM core version 6.6.18.Final
2025-08-18T15:40:40.016-05:00  INFO 39574 --- [dealer] [  restartedMain] o.h.c.internal.RegionFactoryInitiator    : HHH000026: Second-level cache disabled
2025-08-18T15:40:40.132-05:00  INFO 39574 --- [dealer] [  restartedMain] o.s.o.j.p.SpringPersistenceUnitInfo      : No LoadTimeWeaver setup: ignoring JPA class transformer
2025-08-18T15:40:40.156-05:00  WARN 39574 --- [dealer] [  restartedMain] org.hibernate.orm.deprecation            : HHH90000025: PostgreSQLDialect does not need to be specified explicitly using 'hibernate.dialect' (remove the property setting and it will be selected by default)
2025-08-18T15:40:40.163-05:00  INFO 39574 --- [dealer] [  restartedMain] org.hibernate.orm.connections.pooling    : HHH10001005: Database info:
	Database JDBC URL [Connecting through datasource 'HikariDataSource (HikariPool-1)']
	Database driver: undefined/unknown
	Database version: 15.13
	Autocommit mode: undefined/unknown
	Isolation level: undefined/unknown
	Minimum pool size: undefined/unknown
	Maximum pool size: undefined/unknown
2025-08-18T15:40:40.562-05:00  INFO 39574 --- [dealer] [  restartedMain] o.h.e.t.j.p.i.JtaPlatformInitiator       : HHH000489: No JTA platform available (set 'hibernate.transaction.jta.platform' to enable JTA platform integration)
2025-08-18T15:40:40.599-05:00  INFO 39574 --- [dealer] [  restartedMain] j.LocalContainerEntityManagerFactoryBean : Initialized JPA EntityManagerFactory for persistence unit 'default'
2025-08-18T15:40:40.744-05:00  INFO 39574 --- [dealer] [  restartedMain] o.s.d.j.r.query.QueryEnhancerFactory     : Hibernate is in classpath; If applicable, HQL parser will be used.
2025-08-18T15:40:41.153-05:00  WARN 39574 --- [dealer] [  restartedMain] JpaBaseConfiguration$JpaWebConfiguration : spring.jpa.open-in-view is enabled by default. Therefore, database queries may be performed during view rendering. Explicitly configure spring.jpa.open-in-view to disable this warning
2025-08-18T15:40:41.372-05:00  WARN 39574 --- [dealer] [  restartedMain] o.s.b.d.a.OptionalLiveReloadServer       : Unable to start LiveReload server
2025-08-18T15:40:41.399-05:00  INFO 39574 --- [dealer] [  restartedMain] DiscoveryClientOptionalArgsConfiguration : Eureka HTTP Client uses RestTemplate.
2025-08-18T15:40:41.416-05:00  WARN 39574 --- [dealer] [  restartedMain] iguration$LoadBalancerCaffeineWarnLogger : Spring Cloud LoadBalancer is currently working with the default cache. While this cache implementation is useful for development and tests, it's recommended to use Caffeine cache in production.You can switch to using Caffeine cache, by adding it and org.springframework.cache.caffeine.CaffeineCacheManager to the classpath.
2025-08-18T15:40:41.438-05:00  INFO 39574 --- [dealer] [  restartedMain] o.s.c.n.eureka.InstanceInfoFactory       : Setting initial instance status as: STARTING
2025-08-18T15:40:41.449-05:00  INFO 39574 --- [dealer] [  restartedMain] com.netflix.discovery.DiscoveryClient    : Initializing Eureka in region us-east-1
2025-08-18T15:40:41.451-05:00  INFO 39574 --- [dealer] [  restartedMain] c.n.d.s.r.aws.ConfigClusterResolver      : Resolving eureka endpoints via configuration
2025-08-18T15:40:41.455-05:00  INFO 39574 --- [dealer] [  restartedMain] com.netflix.discovery.DiscoveryClient    : Disable delta property : false
2025-08-18T15:40:41.455-05:00  INFO 39574 --- [dealer] [  restartedMain] com.netflix.discovery.DiscoveryClient    : Single vip registry refresh property : null
2025-08-18T15:40:41.455-05:00  INFO 39574 --- [dealer] [  restartedMain] com.netflix.discovery.DiscoveryClient    : Force full registry fetch : false
2025-08-18T15:40:41.455-05:00  INFO 39574 --- [dealer] [  restartedMain] com.netflix.discovery.DiscoveryClient    : Application is null : false
2025-08-18T15:40:41.455-05:00  INFO 39574 --- [dealer] [  restartedMain] com.netflix.discovery.DiscoveryClient    : Registered Applications size is zero : true
2025-08-18T15:40:41.455-05:00  INFO 39574 --- [dealer] [  restartedMain] com.netflix.discovery.DiscoveryClient    : Application version is -1: true
2025-08-18T15:40:41.455-05:00  INFO 39574 --- [dealer] [  restartedMain] com.netflix.discovery.DiscoveryClient    : Getting all instance registry info from the eureka server
2025-08-18T15:40:41.614-05:00  INFO 39574 --- [dealer] [  restartedMain] com.netflix.discovery.DiscoveryClient    : The response status is 200
2025-08-18T15:40:41.616-05:00  INFO 39574 --- [dealer] [  restartedMain] com.netflix.discovery.DiscoveryClient    : Starting heartbeat executor: renew interval is: 30
2025-08-18T15:40:41.617-05:00  INFO 39574 --- [dealer] [  restartedMain] c.n.discovery.InstanceInfoReplicator     : InstanceInfoReplicator onDemand update allowed rate per min is 4
2025-08-18T15:40:41.617-05:00  INFO 39574 --- [dealer] [  restartedMain] com.netflix.discovery.DiscoveryClient    : Discovery Client initialized at timestamp 1755549641617 with initial instances count: 3
2025-08-18T15:40:41.619-05:00  INFO 39574 --- [dealer] [  restartedMain] o.s.c.n.e.s.EurekaServiceRegistry        : Registering application DEALER with eureka with status UP
2025-08-18T15:40:41.619-05:00  INFO 39574 --- [dealer] [  restartedMain] com.netflix.discovery.DiscoveryClient    : Saw local status change event StatusChangeEvent [timestamp=1755549641619, current=UP, previous=STARTING]
2025-08-18T15:40:41.620-05:00  INFO 39574 --- [dealer] [foReplicator-%d] com.netflix.discovery.DiscoveryClient    : DiscoveryClient_DEALER/192.168.1.192:dealer:8080: registering service...
2025-08-18T15:40:41.623-05:00  INFO 39574 --- [dealer] [  restartedMain] o.s.c.n.e.s.EurekaServiceRegistry        : Unregistering application DEALER with eureka with status DOWN
2025-08-18T15:40:41.623-05:00  INFO 39574 --- [dealer] [  restartedMain] com.netflix.discovery.DiscoveryClient    : Saw local status change event StatusChangeEvent [timestamp=1755549641623, current=DOWN, previous=UP]
2025-08-18T15:40:41.623-05:00  WARN 39574 --- [dealer] [  restartedMain] ConfigServletWebServerApplicationContext : Exception encountered during context initialization - cancelling refresh attempt: org.springframework.context.ApplicationContextException: Failed to start bean 'webServerStartStop'
2025-08-18T15:40:41.625-05:00  INFO 39574 --- [dealer] [  restartedMain] j.LocalContainerEntityManagerFactoryBean : Closing JPA EntityManagerFactory for persistence unit 'default'
2025-08-18T15:40:41.626-05:00  INFO 39574 --- [dealer] [  restartedMain] com.zaxxer.hikari.HikariDataSource       : HikariPool-1 - Shutdown initiated...
2025-08-18T15:40:41.627-05:00  INFO 39574 --- [dealer] [  restartedMain] com.zaxxer.hikari.HikariDataSource       : HikariPool-1 - Shutdown completed.
2025-08-18T15:40:41.628-05:00  INFO 39574 --- [dealer] [  restartedMain] com.netflix.discovery.DiscoveryClient    : Shutting down DiscoveryClient ...
2025-08-18T15:40:41.633-05:00  INFO 39574 --- [dealer] [foReplicator-%d] com.netflix.discovery.DiscoveryClient    : DiscoveryClient_DEALER/192.168.1.192:dealer:8080 - registration status: 204
2025-08-18T15:40:41.633-05:00  INFO 39574 --- [dealer] [foReplicator-%d] com.netflix.discovery.DiscoveryClient    : DiscoveryClient_DEALER/192.168.1.192:dealer:8080: registering service...
2025-08-18T15:40:41.635-05:00  INFO 39574 --- [dealer] [foReplicator-%d] com.netflix.discovery.DiscoveryClient    : DiscoveryClient_DEALER/192.168.1.192:dealer:8080 - registration status: 204
2025-08-18T15:40:41.635-05:00  INFO 39574 --- [dealer] [  restartedMain] com.netflix.discovery.DiscoveryClient    : Unregistering ...
2025-08-18T15:40:41.636-05:00  INFO 39574 --- [dealer] [  restartedMain] com.netflix.discovery.DiscoveryClient    : DiscoveryClient_DEALER/192.168.1.192:dealer:8080 - deregister  status: 200
2025-08-18T15:40:41.636-05:00  INFO 39574 --- [dealer] [  restartedMain] com.netflix.discovery.DiscoveryClient    : Completed shut down of DiscoveryClient
2025-08-18T15:40:41.645-05:00  INFO 39574 --- [dealer] [  restartedMain] .s.b.a.l.ConditionEvaluationReportLogger : 

Error starting ApplicationContext. To display the condition evaluation report re-run your application with 'debug' enabled.
2025-08-18T15:40:41.655-05:00 ERROR 39574 --- [dealer] [  restartedMain] o.s.b.d.LoggingFailureAnalysisReporter   : 

***************************
APPLICATION FAILED TO START
***************************

Description:

Web server failed to start. Port 8080 was already in use.

Action:

Identify and stop the process that's listening on port 8080 or configure this application to listen on another port.

[INFO] ------------------------------------------------------------------------
[INFO] BUILD SUCCESS
[INFO] ------------------------------------------------------------------------
[INFO] Total time:  4.261 s
[INFO] Finished at: 2025-08-18T15:40:41-05:00
[INFO] ------------------------------------------------------------------------
