[INFO] Scanning for projects...
[INFO] 
[INFO] ------------------< com.autoinspect.gateway:gateway >-------------------
[INFO] Building gateway 0.0.1-SNAPSHOT
[INFO]   from pom.xml
[INFO] --------------------------------[ jar ]---------------------------------
[INFO] 
[INFO] >>> spring-boot:3.5.3:run (default-cli) > test-compile @ gateway >>>
[INFO] 
[INFO] --- resources:3.3.1:resources (default-resources) @ gateway ---
[INFO] Copying 1 resource from src/main/resources to target/classes
[INFO] Copying 0 resource from src/main/resources to target/classes
[INFO] 
[INFO] --- compiler:3.14.0:compile (default-compile) @ gateway ---
[INFO] Nothing to compile - all classes are up to date.
[INFO] 
[INFO] --- resources:3.3.1:testResources (default-testResources) @ gateway ---
[INFO] skip non existing resourceDirectory /Users/bhanuprasadkommula/Downloads/Inspectioproject/Backend/gateway/src/test/resources
[INFO] 
[INFO] --- compiler:3.14.0:testCompile (default-testCompile) @ gateway ---
[INFO] Nothing to compile - all classes are up to date.
[INFO] 
[INFO] <<< spring-boot:3.5.3:run (default-cli) < test-compile @ gateway <<<
[INFO] 
[INFO] 
[INFO] --- spring-boot:3.5.3:run (default-cli) @ gateway ---
[INFO] Attaching agents: []

  .   ____          _            __ _ _
 /\\ / ___'_ __ _ _(_)_ __  __ _ \ \ \ \
( ( )\___ | '_ | '_| | '_ \/ _` | \ \ \ \
 \\/  ___)| |_)| | | | | || (_| |  ) ) ) )
  '  |____| .__|_| |_|_| |_\__, | / / / /
 =========|_|==============|___/=/_/_/_/

 :: Spring Boot ::                (v3.5.3)

2025-08-18T15:40:23.788-05:00  INFO 39286 --- [api-gateway] [  restartedMain] c.a.gateway.GatewayApplication           : Starting GatewayApplication using Java 17.0.16 with PID 39286 (/Users/bhanuprasadkommula/Downloads/Inspectioproject/Backend/gateway/target/classes started by bhanuprasadkommula in /Users/bhanuprasadkommula/Downloads/Inspectioproject/Backend/gateway)
2025-08-18T15:40:23.790-05:00  INFO 39286 --- [api-gateway] [  restartedMain] c.a.gateway.GatewayApplication           : No active profile set, falling back to 1 default profile: "default"
2025-08-18T15:40:23.809-05:00  INFO 39286 --- [api-gateway] [  restartedMain] .e.DevToolsPropertyDefaultsPostProcessor : Devtools property defaults active! Set 'spring.devtools.add-properties' to 'false' to disable
2025-08-18T15:40:23.810-05:00  INFO 39286 --- [api-gateway] [  restartedMain] .e.DevToolsPropertyDefaultsPostProcessor : For additional web related logging consider setting the 'logging.level.web' property to 'DEBUG'
2025-08-18T15:40:24.258-05:00  INFO 39286 --- [api-gateway] [  restartedMain] o.s.cloud.context.scope.GenericScope     : BeanFactory id=94a8aaa1-87c7-3680-9298-b20fd8aaa6d4
2025-08-18T15:40:24.504-05:00  WARN 39286 --- [api-gateway] [  restartedMain] GatewayClassPathWarningAutoConfiguration : 

**********************************************************

The artifact spring-cloud-gateway-server is deprecated. It will be removed in the next major release. Please add spring-cloud-gateway-server-webflux dependency.

**********************************************************


2025-08-18T15:40:24.661-05:00  INFO 39286 --- [api-gateway] [  restartedMain] o.s.c.g.r.RouteDefinitionRouteLocator    : Loaded RoutePredicateFactory [After]
2025-08-18T15:40:24.662-05:00  INFO 39286 --- [api-gateway] [  restartedMain] o.s.c.g.r.RouteDefinitionRouteLocator    : Loaded RoutePredicateFactory [Before]
2025-08-18T15:40:24.662-05:00  INFO 39286 --- [api-gateway] [  restartedMain] o.s.c.g.r.RouteDefinitionRouteLocator    : Loaded RoutePredicateFactory [Between]
2025-08-18T15:40:24.662-05:00  INFO 39286 --- [api-gateway] [  restartedMain] o.s.c.g.r.RouteDefinitionRouteLocator    : Loaded RoutePredicateFactory [Cookie]
2025-08-18T15:40:24.662-05:00  INFO 39286 --- [api-gateway] [  restartedMain] o.s.c.g.r.RouteDefinitionRouteLocator    : Loaded RoutePredicateFactory [Header]
2025-08-18T15:40:24.662-05:00  INFO 39286 --- [api-gateway] [  restartedMain] o.s.c.g.r.RouteDefinitionRouteLocator    : Loaded RoutePredicateFactory [Host]
2025-08-18T15:40:24.662-05:00  INFO 39286 --- [api-gateway] [  restartedMain] o.s.c.g.r.RouteDefinitionRouteLocator    : Loaded RoutePredicateFactory [Method]
2025-08-18T15:40:24.662-05:00  INFO 39286 --- [api-gateway] [  restartedMain] o.s.c.g.r.RouteDefinitionRouteLocator    : Loaded RoutePredicateFactory [Path]
2025-08-18T15:40:24.662-05:00  INFO 39286 --- [api-gateway] [  restartedMain] o.s.c.g.r.RouteDefinitionRouteLocator    : Loaded RoutePredicateFactory [Query]
2025-08-18T15:40:24.662-05:00  INFO 39286 --- [api-gateway] [  restartedMain] o.s.c.g.r.RouteDefinitionRouteLocator    : Loaded RoutePredicateFactory [ReadBody]
2025-08-18T15:40:24.662-05:00  INFO 39286 --- [api-gateway] [  restartedMain] o.s.c.g.r.RouteDefinitionRouteLocator    : Loaded RoutePredicateFactory [RemoteAddr]
2025-08-18T15:40:24.662-05:00  INFO 39286 --- [api-gateway] [  restartedMain] o.s.c.g.r.RouteDefinitionRouteLocator    : Loaded RoutePredicateFactory [XForwardedRemoteAddr]
2025-08-18T15:40:24.662-05:00  INFO 39286 --- [api-gateway] [  restartedMain] o.s.c.g.r.RouteDefinitionRouteLocator    : Loaded RoutePredicateFactory [Weight]
2025-08-18T15:40:24.662-05:00  INFO 39286 --- [api-gateway] [  restartedMain] o.s.c.g.r.RouteDefinitionRouteLocator    : Loaded RoutePredicateFactory [CloudFoundryRouteService]
2025-08-18T15:40:24.764-05:00  WARN 39286 --- [api-gateway] [  restartedMain] o.s.b.d.a.OptionalLiveReloadServer       : Unable to start LiveReload server
2025-08-18T15:40:24.779-05:00  INFO 39286 --- [api-gateway] [  restartedMain] DiscoveryClientOptionalArgsConfiguration : Eureka HTTP Client uses RestTemplate.
2025-08-18T15:40:24.787-05:00  WARN 39286 --- [api-gateway] [  restartedMain] s.w.s.StarterDeprecatedAutoConfiguration : 

**********************************************************

spring-cloud-starter-gateway is deprecated. It will be removed in the next major release. Please use spring-cloud-starter-gateway-server-webflux instead.

**********************************************************


2025-08-18T15:40:24.790-05:00  WARN 39286 --- [api-gateway] [  restartedMain] iguration$LoadBalancerCaffeineWarnLogger : Spring Cloud LoadBalancer is currently working with the default cache. While this cache implementation is useful for development and tests, it's recommended to use Caffeine cache in production.You can switch to using Caffeine cache, by adding it and org.springframework.cache.caffeine.CaffeineCacheManager to the classpath.
2025-08-18T15:40:24.804-05:00  INFO 39286 --- [api-gateway] [  restartedMain] o.s.c.n.eureka.InstanceInfoFactory       : Setting initial instance status as: STARTING
2025-08-18T15:40:24.816-05:00  INFO 39286 --- [api-gateway] [  restartedMain] com.netflix.discovery.DiscoveryClient    : Initializing Eureka in region us-east-1
2025-08-18T15:40:24.818-05:00  INFO 39286 --- [api-gateway] [  restartedMain] c.n.d.s.r.aws.ConfigClusterResolver      : Resolving eureka endpoints via configuration
2025-08-18T15:40:24.824-05:00  INFO 39286 --- [api-gateway] [  restartedMain] com.netflix.discovery.DiscoveryClient    : Disable delta property : false
2025-08-18T15:40:24.824-05:00  INFO 39286 --- [api-gateway] [  restartedMain] com.netflix.discovery.DiscoveryClient    : Single vip registry refresh property : null
2025-08-18T15:40:24.824-05:00  INFO 39286 --- [api-gateway] [  restartedMain] com.netflix.discovery.DiscoveryClient    : Force full registry fetch : false
2025-08-18T15:40:24.824-05:00  INFO 39286 --- [api-gateway] [  restartedMain] com.netflix.discovery.DiscoveryClient    : Application is null : false
2025-08-18T15:40:24.824-05:00  INFO 39286 --- [api-gateway] [  restartedMain] com.netflix.discovery.DiscoveryClient    : Registered Applications size is zero : true
2025-08-18T15:40:24.824-05:00  INFO 39286 --- [api-gateway] [  restartedMain] com.netflix.discovery.DiscoveryClient    : Application version is -1: true
2025-08-18T15:40:24.824-05:00  INFO 39286 --- [api-gateway] [  restartedMain] com.netflix.discovery.DiscoveryClient    : Getting all instance registry info from the eureka server
2025-08-18T15:40:25.008-05:00  INFO 39286 --- [api-gateway] [  restartedMain] com.netflix.discovery.DiscoveryClient    : The response status is 200
2025-08-18T15:40:25.009-05:00  INFO 39286 --- [api-gateway] [  restartedMain] com.netflix.discovery.DiscoveryClient    : Starting heartbeat executor: renew interval is: 30
2025-08-18T15:40:25.010-05:00  INFO 39286 --- [api-gateway] [  restartedMain] c.n.discovery.InstanceInfoReplicator     : InstanceInfoReplicator onDemand update allowed rate per min is 4
2025-08-18T15:40:25.011-05:00  INFO 39286 --- [api-gateway] [  restartedMain] com.netflix.discovery.DiscoveryClient    : Discovery Client initialized at timestamp 1755549625011 with initial instances count: 4
2025-08-18T15:40:25.013-05:00  INFO 39286 --- [api-gateway] [  restartedMain] o.s.c.n.e.s.EurekaServiceRegistry        : Registering application API-GATEWAY with eureka with status UP
2025-08-18T15:40:25.013-05:00  INFO 39286 --- [api-gateway] [  restartedMain] com.netflix.discovery.DiscoveryClient    : Saw local status change event StatusChangeEvent [timestamp=1755549625013, current=UP, previous=STARTING]
2025-08-18T15:40:25.013-05:00  INFO 39286 --- [api-gateway] [foReplicator-%d] com.netflix.discovery.DiscoveryClient    : DiscoveryClient_API-GATEWAY/192.168.1.192:api-gateway:8088: registering service...
2025-08-18T15:40:25.034-05:00  INFO 39286 --- [api-gateway] [foReplicator-%d] com.netflix.discovery.DiscoveryClient    : DiscoveryClient_API-GATEWAY/192.168.1.192:api-gateway:8088 - registration status: 204
2025-08-18T15:40:25.104-05:00  INFO 39286 --- [api-gateway] [  restartedMain] o.s.c.n.e.s.EurekaServiceRegistry        : Unregistering application API-GATEWAY with eureka with status DOWN
2025-08-18T15:40:25.104-05:00  INFO 39286 --- [api-gateway] [  restartedMain] com.netflix.discovery.DiscoveryClient    : Saw local status change event StatusChangeEvent [timestamp=1755549625104, current=DOWN, previous=UP]
2025-08-18T15:40:25.105-05:00  INFO 39286 --- [api-gateway] [foReplicator-%d] com.netflix.discovery.DiscoveryClient    : DiscoveryClient_API-GATEWAY/192.168.1.192:api-gateway:8088: registering service...
2025-08-18T15:40:25.105-05:00  WARN 39286 --- [api-gateway] [  restartedMain] onfigReactiveWebServerApplicationContext : Exception encountered during context initialization - cancelling refresh attempt: org.springframework.context.ApplicationContextException: Failed to start bean 'webServerStartStop'
2025-08-18T15:40:25.106-05:00  INFO 39286 --- [api-gateway] [  restartedMain] com.netflix.discovery.DiscoveryClient    : Shutting down DiscoveryClient ...
2025-08-18T15:40:25.107-05:00  INFO 39286 --- [api-gateway] [foReplicator-%d] com.netflix.discovery.DiscoveryClient    : DiscoveryClient_API-GATEWAY/192.168.1.192:api-gateway:8088 - registration status: 204
2025-08-18T15:40:25.107-05:00  INFO 39286 --- [api-gateway] [  restartedMain] com.netflix.discovery.DiscoveryClient    : Unregistering ...
2025-08-18T15:40:25.109-05:00  INFO 39286 --- [api-gateway] [  restartedMain] com.netflix.discovery.DiscoveryClient    : DiscoveryClient_API-GATEWAY/192.168.1.192:api-gateway:8088 - deregister  status: 200
2025-08-18T15:40:25.109-05:00  INFO 39286 --- [api-gateway] [  restartedMain] com.netflix.discovery.DiscoveryClient    : Completed shut down of DiscoveryClient
2025-08-18T15:40:25.110-05:00  WARN 39286 --- [api-gateway] [  restartedMain] ServerWebfluxPropertiesMigrationListener : 
The use of configuration keys that have been renamed was found in the environment:

Property source 'Config resource 'class path resource [application.properties]' via location 'optional:classpath:/'':
	Key: spring.cloud.gateway.routes[0].id
		Line: 17
		Replacement: spring.cloud.gateway.server.webflux.routes[0].id
	Key: spring.cloud.gateway.routes[0].uri
		Line: 18
		Replacement: spring.cloud.gateway.server.webflux.routes[0].uri
	Key: spring.cloud.gateway.routes[0].predicates[0]
		Line: 19
		Replacement: spring.cloud.gateway.server.webflux.routes[0].predicates[0]
	Key: spring.cloud.gateway.routes[0].filters[0]
		Line: 20
		Replacement: spring.cloud.gateway.server.webflux.routes[0].filters[0]
	Key: spring.cloud.gateway.routes[1].id
		Line: 23
		Replacement: spring.cloud.gateway.server.webflux.routes[1].id
	Key: spring.cloud.gateway.routes[1].uri
		Line: 24
		Replacement: spring.cloud.gateway.server.webflux.routes[1].uri
	Key: spring.cloud.gateway.routes[1].predicates[0]
		Line: 25
		Replacement: spring.cloud.gateway.server.webflux.routes[1].predicates[0]
	Key: spring.cloud.gateway.routes[1].filters[0]
		Line: 26
		Replacement: spring.cloud.gateway.server.webflux.routes[1].filters[0]


Each configuration key has been temporarily mapped to its replacement for your convenience. To silence this warning, please update your configuration to use the new keys.

2025-08-18T15:40:25.111-05:00  WARN 39286 --- [api-gateway] [  restartedMain] o.s.b.c.p.m.PropertiesMigrationListener  : 
The use of configuration keys that have been renamed was found in the environment:

Property source 'Config resource 'class path resource [application.properties]' via location 'optional:classpath:/'':
	Key: spring.cloud.gateway.globalcors.cors-configurations[/**].allowed-origins
		Line: 29
		Replacement: spring.cloud.gateway.server.webflux.globalcors.cors-configurations[/**].allowed-origins
	Key: spring.cloud.gateway.globalcors.cors-configurations[/**].allowed-methods
		Line: 30
		Replacement: spring.cloud.gateway.server.webflux.globalcors.cors-configurations[/**].allowed-methods
	Key: spring.cloud.gateway.globalcors.cors-configurations[/**].allowed-headers
		Line: 31
		Replacement: spring.cloud.gateway.server.webflux.globalcors.cors-configurations[/**].allowed-headers
	Key: spring.cloud.gateway.globalcors.cors-configurations[/**].allow-credentials
		Line: 32
		Replacement: spring.cloud.gateway.server.webflux.globalcors.cors-configurations[/**].allow-credentials


Each configuration key has been temporarily mapped to its replacement for your convenience. To silence this warning, please update your configuration to use the new keys.

2025-08-18T15:40:25.117-05:00  INFO 39286 --- [api-gateway] [  restartedMain] .s.b.a.l.ConditionEvaluationReportLogger : 

Error starting ApplicationContext. To display the condition evaluation report re-run your application with 'debug' enabled.
2025-08-18T15:40:25.124-05:00 ERROR 39286 --- [api-gateway] [  restartedMain] o.s.b.d.LoggingFailureAnalysisReporter   : 

***************************
APPLICATION FAILED TO START
***************************

Description:

Web server failed to start. Port 8088 was already in use.

Action:

Identify and stop the process that's listening on port 8088 or configure this application to listen on another port.

[INFO] ------------------------------------------------------------------------
[INFO] BUILD FAILURE
[INFO] ------------------------------------------------------------------------
[INFO] Total time:  2.891 s
[INFO] Finished at: 2025-08-18T15:40:25-05:00
[INFO] ------------------------------------------------------------------------
[ERROR] Failed to execute goal org.springframework.boot:spring-boot-maven-plugin:3.5.3:run (default-cli) on project gateway: Process terminated with exit code: 1 -> [Help 1]
[ERROR] 
[ERROR] To see the full stack trace of the errors, re-run Maven with the -e switch.
[ERROR] Re-run Maven using the -X switch to enable full debug logging.
[ERROR] 
[ERROR] For more information about the errors and possible solutions, please read the following articles:
[ERROR] [Help 1] http://cwiki.apache.org/confluence/display/MAVEN/MojoExecutionException
