
> chat-service@1.0.0 start
> node server.js

❌ Database initialization failed: error: database "chat_db" does not exist
    at /Users/bhanuprasadkommula/Downloads/Inspectioproject/Backend/chat-service/node_modules/pg-pool/index.js:45:11
    at process.processTicksAndRejections (node:internal/process/task_queues:105:5)
    at async createTables (/Users/bhanuprasadkommula/Downloads/Inspectioproject/Backend/chat-service/server.js:100:3)
    at async initializeDatabase (/Users/bhanuprasadkommula/Downloads/Inspectioproject/Backend/chat-service/server.js:46:5) {
  length: 92,
  severity: 'FATAL',
  code: '3D000',
  detail: undefined,
  hint: undefined,
  position: undefined,
  internalPosition: undefined,
  internalQuery: undefined,
  where: undefined,
  schema: undefined,
  table: undefined,
  column: undefined,
  dataType: undefined,
  constraint: undefined,
  file: 'postinit.c',
  line: '950',
  routine: 'InitPostgres'
}
node:events:485
      throw er; // Unhandled 'error' event
      ^

Error: listen EADDRINUSE: address already in use :::8089
    at Server.setupListenHandle [as _listen2] (node:net:1940:16)
    at listenInCluster (node:net:1997:12)
    at Server.listen (node:net:2102:7)
    at /Users/bhanuprasadkommula/Downloads/Inspectioproject/Backend/chat-service/server.js:807:10
    at process.processTicksAndRejections (node:internal/process/task_queues:105:5)
Emitted 'error' event on Server instance at:
    at emitErrorNT (node:net:1976:8)
    at process.processTicksAndRejections (node:internal/process/task_queues:90:21) {
  code: 'EADDRINUSE',
  errno: -48,
  syscall: 'listen',
  address: '::',
  port: 8089
}

Node.js v24.4.0
