[INFO] Scanning for projects...
[INFO] 
[INFO] ----------------------< com.auto.tech:techincian >----------------------
[INFO] Building techincian 1.0
[INFO]   from pom.xml
[INFO] --------------------------------[ jar ]---------------------------------
[INFO] 
[INFO] >>> spring-boot:3.5.3:run (default-cli) > test-compile @ techincian >>>
[INFO] 
[INFO] --- resources:3.3.1:resources (default-resources) @ techincian ---
[INFO] Copying 1 resource from src/main/resources to target/classes
[INFO] Copying 2 resources from src/main/resources to target/classes
[INFO] 
[INFO] --- compiler:3.14.0:compile (default-compile) @ techincian ---
[INFO] Recompiling the module because of changed source code.
[INFO] Compiling 44 source files with javac [debug parameters release 17] to target/classes
[INFO] /Users/bhanuprasadkommula/Downloads/Inspectioproject/Backend/techincian/src/main/java/com/auto/tech/model/TechnicianPerformanceMetrics.java: /Users/bhanuprasadkommula/Downloads/Inspectioproject/Backend/techincian/src/main/java/com/auto/tech/model/TechnicianPerformanceMetrics.java uses or overrides a deprecated API.
[INFO] /Users/bhanuprasadkommula/Downloads/Inspectioproject/Backend/techincian/src/main/java/com/auto/tech/model/TechnicianPerformanceMetrics.java: Recompile with -Xlint:deprecation for details.
[INFO] 
[INFO] --- resources:3.3.1:testResources (default-testResources) @ techincian ---
[INFO] skip non existing resourceDirectory /Users/bhanuprasadkommula/Downloads/Inspectioproject/Backend/techincian/src/test/resources
[INFO] 
[INFO] --- compiler:3.14.0:testCompile (default-testCompile) @ techincian ---
[INFO] Recompiling the module because of changed dependency.
[INFO] Compiling 2 source files with javac [debug parameters release 17] to target/test-classes
[INFO] 
[INFO] <<< spring-boot:3.5.3:run (default-cli) < test-compile @ techincian <<<
[INFO] 
[INFO] 
[INFO] --- spring-boot:3.5.3:run (default-cli) @ techincian ---
[INFO] Attaching agents: []

  .   ____          _            __ _ _
 /\\ / ___'_ __ _ _(_)_ __  __ _ \ \ \ \
( ( )\___ | '_ | '_| | '_ \/ _` | \ \ \ \
 \\/  ___)| |_)| | | | | || (_| |  ) ) ) )
  '  |____| .__|_| |_|_| |_\__, | / / / /
 =========|_|==============|___/=/_/_/_/

 :: Spring Boot ::                (v3.5.3)

2025-08-18T10:07:49.494-05:00  INFO 63599 --- [technician] [  restartedMain] com.auto.tech.DealerApplication          : Starting DealerApplication using Java 17.0.16 with PID 63599 (/Users/bhanuprasadkommula/Downloads/Inspectioproject/Backend/techincian/target/classes started by bhanuprasadkommula in /Users/bhanuprasadkommula/Downloads/Inspectioproject/Backend/techincian)
2025-08-18T10:07:49.496-05:00  INFO 63599 --- [technician] [  restartedMain] com.auto.tech.DealerApplication          : No active profile set, falling back to 1 default profile: "default"
2025-08-18T10:07:49.526-05:00  INFO 63599 --- [technician] [  restartedMain] .e.DevToolsPropertyDefaultsPostProcessor : Devtools property defaults active! Set 'spring.devtools.add-properties' to 'false' to disable
2025-08-18T10:07:49.526-05:00  INFO 63599 --- [technician] [  restartedMain] .e.DevToolsPropertyDefaultsPostProcessor : For additional web related logging consider setting the 'logging.level.web' property to 'DEBUG'
2025-08-18T10:07:49.941-05:00  INFO 63599 --- [technician] [  restartedMain] .s.d.r.c.RepositoryConfigurationDelegate : Bootstrapping Spring Data JPA repositories in DEFAULT mode.
2025-08-18T10:07:50.037-05:00  INFO 63599 --- [technician] [  restartedMain] .s.d.r.c.RepositoryConfigurationDelegate : Finished Spring Data repository scanning in 89 ms. Found 7 JPA repository interfaces.
2025-08-18T10:07:50.179-05:00  INFO 63599 --- [technician] [  restartedMain] o.s.cloud.context.scope.GenericScope     : BeanFactory id=7e199242-fa49-3cf0-b462-e8ec3aa49ace
2025-08-18T10:07:50.505-05:00  INFO 63599 --- [technician] [  restartedMain] o.s.b.w.embedded.tomcat.TomcatWebServer  : Tomcat initialized with port 8082 (http)
2025-08-18T10:07:50.514-05:00  INFO 63599 --- [technician] [  restartedMain] o.apache.catalina.core.StandardService   : Starting service [Tomcat]
2025-08-18T10:07:50.514-05:00  INFO 63599 --- [technician] [  restartedMain] o.apache.catalina.core.StandardEngine    : Starting Servlet engine: [Apache Tomcat/10.1.42]
2025-08-18T10:07:50.539-05:00  INFO 63599 --- [technician] [  restartedMain] o.a.c.c.C.[Tomcat].[localhost].[/]       : Initializing Spring embedded WebApplicationContext
2025-08-18T10:07:50.540-05:00  INFO 63599 --- [technician] [  restartedMain] w.s.c.ServletWebServerApplicationContext : Root WebApplicationContext: initialization completed in 1013 ms
2025-08-18T10:07:50.629-05:00  INFO 63599 --- [technician] [  restartedMain] o.hibernate.jpa.internal.util.LogHelper  : HHH000204: Processing PersistenceUnitInfo [name: default]
2025-08-18T10:07:50.657-05:00  INFO 63599 --- [technician] [  restartedMain] org.hibernate.Version                    : HHH000412: Hibernate ORM core version 6.6.18.Final
2025-08-18T10:07:50.674-05:00  INFO 63599 --- [technician] [  restartedMain] o.h.c.internal.RegionFactoryInitiator    : HHH000026: Second-level cache disabled
2025-08-18T10:07:50.806-05:00  INFO 63599 --- [technician] [  restartedMain] o.s.o.j.p.SpringPersistenceUnitInfo      : No LoadTimeWeaver setup: ignoring JPA class transformer
2025-08-18T10:07:50.822-05:00  INFO 63599 --- [technician] [  restartedMain] com.zaxxer.hikari.HikariDataSource       : HikariPool-1 - Starting...
2025-08-18T10:07:50.996-05:00  INFO 63599 --- [technician] [  restartedMain] com.zaxxer.hikari.pool.HikariPool        : HikariPool-1 - Added connection com.mysql.cj.jdbc.ConnectionImpl@50098e7c
2025-08-18T10:07:50.997-05:00  INFO 63599 --- [technician] [  restartedMain] com.zaxxer.hikari.HikariDataSource       : HikariPool-1 - Start completed.
2025-08-18T10:07:51.051-05:00  INFO 63599 --- [technician] [  restartedMain] org.hibernate.orm.connections.pooling    : HHH10001005: Database info:
	Database JDBC URL [Connecting through datasource 'HikariDataSource (HikariPool-1)']
	Database driver: undefined/unknown
	Database version: 9.4
	Autocommit mode: undefined/unknown
	Isolation level: undefined/unknown
	Minimum pool size: undefined/unknown
	Maximum pool size: undefined/unknown
2025-08-18T10:07:51.579-05:00  INFO 63599 --- [technician] [  restartedMain] o.h.e.t.j.p.i.JtaPlatformInitiator       : HHH000489: No JTA platform available (set 'hibernate.transaction.jta.platform' to enable JTA platform integration)
2025-08-18T10:07:51.628-05:00  INFO 63599 --- [technician] [  restartedMain] j.LocalContainerEntityManagerFactoryBean : Initialized JPA EntityManagerFactory for persistence unit 'default'
2025-08-18T10:07:51.865-05:00  INFO 63599 --- [technician] [  restartedMain] o.s.d.j.r.query.QueryEnhancerFactory     : Hibernate is in classpath; If applicable, HQL parser will be used.
2025-08-18T10:07:53.352-05:00  INFO 63599 --- [technician] [  restartedMain] DiscoveryClientOptionalArgsConfiguration : Eureka HTTP Client uses RestTemplate.
2025-08-18T10:07:53.364-05:00  WARN 63599 --- [technician] [  restartedMain] iguration$LoadBalancerCaffeineWarnLogger : Spring Cloud LoadBalancer is currently working with the default cache. While this cache implementation is useful for development and tests, it's recommended to use Caffeine cache in production.You can switch to using Caffeine cache, by adding it and org.springframework.cache.caffeine.CaffeineCacheManager to the classpath.
2025-08-18T10:07:53.377-05:00  INFO 63599 --- [technician] [  restartedMain] o.s.m.s.b.SimpleBrokerMessageHandler     : Starting...
2025-08-18T10:07:53.377-05:00  INFO 63599 --- [technician] [  restartedMain] o.s.m.s.b.SimpleBrokerMessageHandler     : BrokerAvailabilityEvent[available=true, SimpleBrokerMessageHandler [org.springframework.messaging.simp.broker.DefaultSubscriptionRegistry@25fa19d2]]
2025-08-18T10:07:53.377-05:00  INFO 63599 --- [technician] [  restartedMain] o.s.m.s.b.SimpleBrokerMessageHandler     : Started.
2025-08-18T10:07:53.382-05:00  INFO 63599 --- [technician] [  restartedMain] o.s.c.n.eureka.InstanceInfoFactory       : Setting initial instance status as: STARTING
2025-08-18T10:07:53.396-05:00  INFO 63599 --- [technician] [  restartedMain] com.netflix.discovery.DiscoveryClient    : Initializing Eureka in region us-east-1
2025-08-18T10:07:53.398-05:00  INFO 63599 --- [technician] [  restartedMain] c.n.d.s.r.aws.ConfigClusterResolver      : Resolving eureka endpoints via configuration
2025-08-18T10:07:53.402-05:00  INFO 63599 --- [technician] [  restartedMain] com.netflix.discovery.DiscoveryClient    : Disable delta property : false
2025-08-18T10:07:53.402-05:00  INFO 63599 --- [technician] [  restartedMain] com.netflix.discovery.DiscoveryClient    : Single vip registry refresh property : null
2025-08-18T10:07:53.402-05:00  INFO 63599 --- [technician] [  restartedMain] com.netflix.discovery.DiscoveryClient    : Force full registry fetch : false
2025-08-18T10:07:53.402-05:00  INFO 63599 --- [technician] [  restartedMain] com.netflix.discovery.DiscoveryClient    : Application is null : false
2025-08-18T10:07:53.402-05:00  INFO 63599 --- [technician] [  restartedMain] com.netflix.discovery.DiscoveryClient    : Registered Applications size is zero : true
2025-08-18T10:07:53.402-05:00  INFO 63599 --- [technician] [  restartedMain] com.netflix.discovery.DiscoveryClient    : Application version is -1: true
2025-08-18T10:07:53.402-05:00  INFO 63599 --- [technician] [  restartedMain] com.netflix.discovery.DiscoveryClient    : Getting all instance registry info from the eureka server
2025-08-18T10:07:53.578-05:00  INFO 63599 --- [technician] [  restartedMain] com.netflix.discovery.DiscoveryClient    : The response status is 200
2025-08-18T10:07:53.579-05:00  INFO 63599 --- [technician] [  restartedMain] com.netflix.discovery.DiscoveryClient    : Starting heartbeat executor: renew interval is: 30
2025-08-18T10:07:53.579-05:00  INFO 63599 --- [technician] [  restartedMain] c.n.discovery.InstanceInfoReplicator     : InstanceInfoReplicator onDemand update allowed rate per min is 4
2025-08-18T10:07:53.580-05:00  INFO 63599 --- [technician] [  restartedMain] com.netflix.discovery.DiscoveryClient    : Discovery Client initialized at timestamp 1755529673580 with initial instances count: 4
2025-08-18T10:07:53.582-05:00  INFO 63599 --- [technician] [  restartedMain] o.s.c.n.e.s.EurekaServiceRegistry        : Registering application TECHNICIAN with eureka with status UP
2025-08-18T10:07:53.582-05:00  INFO 63599 --- [technician] [  restartedMain] com.netflix.discovery.DiscoveryClient    : Saw local status change event StatusChangeEvent [timestamp=1755529673582, current=UP, previous=STARTING]
2025-08-18T10:07:53.583-05:00  INFO 63599 --- [technician] [foReplicator-%d] com.netflix.discovery.DiscoveryClient    : DiscoveryClient_TECHNICIAN/192.168.1.192:technician:8082: registering service...
2025-08-18T10:07:53.586-05:00  INFO 63599 --- [technician] [  restartedMain] o.s.m.s.b.SimpleBrokerMessageHandler     : Stopping...
2025-08-18T10:07:53.586-05:00  INFO 63599 --- [technician] [  restartedMain] o.s.m.s.b.SimpleBrokerMessageHandler     : BrokerAvailabilityEvent[available=false, SimpleBrokerMessageHandler [org.springframework.messaging.simp.broker.DefaultSubscriptionRegistry@25fa19d2]]
2025-08-18T10:07:53.587-05:00  INFO 63599 --- [technician] [  restartedMain] o.s.m.s.b.SimpleBrokerMessageHandler     : Stopped.
2025-08-18T10:07:53.587-05:00  INFO 63599 --- [technician] [  restartedMain] o.s.c.n.e.s.EurekaServiceRegistry        : Unregistering application TECHNICIAN with eureka with status DOWN
2025-08-18T10:07:53.587-05:00  INFO 63599 --- [technician] [  restartedMain] com.netflix.discovery.DiscoveryClient    : Saw local status change event StatusChangeEvent [timestamp=1755529673587, current=DOWN, previous=UP]
2025-08-18T10:07:53.587-05:00  WARN 63599 --- [technician] [  restartedMain] ConfigServletWebServerApplicationContext : Exception encountered during context initialization - cancelling refresh attempt: org.springframework.context.ApplicationContextException: Failed to start bean 'webServerStartStop'
2025-08-18T10:07:53.590-05:00  INFO 63599 --- [technician] [  restartedMain] j.LocalContainerEntityManagerFactoryBean : Closing JPA EntityManagerFactory for persistence unit 'default'
2025-08-18T10:07:53.592-05:00  INFO 63599 --- [technician] [  restartedMain] com.zaxxer.hikari.HikariDataSource       : HikariPool-1 - Shutdown initiated...
2025-08-18T10:07:53.595-05:00  INFO 63599 --- [technician] [  restartedMain] com.zaxxer.hikari.HikariDataSource       : HikariPool-1 - Shutdown completed.
2025-08-18T10:07:53.595-05:00  INFO 63599 --- [technician] [  restartedMain] com.netflix.discovery.DiscoveryClient    : Shutting down DiscoveryClient ...
2025-08-18T10:07:53.601-05:00  INFO 63599 --- [technician] [foReplicator-%d] com.netflix.discovery.DiscoveryClient    : DiscoveryClient_TECHNICIAN/192.168.1.192:technician:8082 - registration status: 204
2025-08-18T10:07:53.601-05:00  INFO 63599 --- [technician] [foReplicator-%d] com.netflix.discovery.DiscoveryClient    : DiscoveryClient_TECHNICIAN/192.168.1.192:technician:8082: registering service...
2025-08-18T10:07:53.603-05:00  INFO 63599 --- [technician] [foReplicator-%d] com.netflix.discovery.DiscoveryClient    : DiscoveryClient_TECHNICIAN/192.168.1.192:technician:8082 - registration status: 204
2025-08-18T10:07:53.604-05:00  INFO 63599 --- [technician] [  restartedMain] com.netflix.discovery.DiscoveryClient    : Unregistering ...
2025-08-18T10:07:53.606-05:00  INFO 63599 --- [technician] [  restartedMain] com.netflix.discovery.DiscoveryClient    : DiscoveryClient_TECHNICIAN/192.168.1.192:technician:8082 - deregister  status: 200
2025-08-18T10:07:53.606-05:00  INFO 63599 --- [technician] [  restartedMain] com.netflix.discovery.DiscoveryClient    : Completed shut down of DiscoveryClient
2025-08-18T10:07:53.617-05:00  INFO 63599 --- [technician] [  restartedMain] .s.b.a.l.ConditionEvaluationReportLogger : 

Error starting ApplicationContext. To display the condition evaluation report re-run your application with 'debug' enabled.
2025-08-18T10:07:53.629-05:00 ERROR 63599 --- [technician] [  restartedMain] o.s.b.d.LoggingFailureAnalysisReporter   : 

***************************
APPLICATION FAILED TO START
***************************

Description:

Web server failed to start. Port 8082 was already in use.

Action:

Identify and stop the process that's listening on port 8082 or configure this application to listen on another port.

[INFO] ------------------------------------------------------------------------
[INFO] BUILD SUCCESS
[INFO] ------------------------------------------------------------------------
[INFO] Total time:  7.760 s
[INFO] Finished at: 2025-08-18T10:07:53-05:00
[INFO] ------------------------------------------------------------------------
